2019-03-27 15:16:43.769  INFO 6156 --- [main] c.e.l.HelloSpringbootApplication         : Starting HelloSpringbootApplication on BDC7-D-FM44RG2 with PID 6156 (C:\sprinboot\hello-springboot\target\classes started by ramjeet.mahto in C:\sprinboot\hello-springboot)
2019-03-27 15:16:43.777  INFO 6156 --- [main] c.e.l.HelloSpringbootApplication         : No active profile set, falling back to default profiles: default
2019-03-27 15:16:44.870  INFO 6156 --- [main] o.s.b.w.embedded.tomcat.TomcatWebServer  : Tomcat initialized with port(s): 9090 (http)
2019-03-27 15:16:44.896  INFO 6156 --- [main] o.apache.catalina.core.StandardService   : Starting service [Tomcat]
2019-03-27 15:16:44.898  INFO 6156 --- [main] org.apache.catalina.core.StandardEngine  : Starting Servlet engine: [Apache Tomcat/9.0.16]
2019-03-27 15:16:44.906  INFO 6156 --- [main] o.a.catalina.core.AprLifecycleListener   : The APR based Apache Tomcat Native library which allows optimal performance in production environments was not found on the java.library.path: [C:\Program Files\Java\jre1.8.0_201\bin;C:\windows\Sun\Java\bin;C:\windows\system32;C:\windows;C:/Program Files/Java/jre1.8.0_201/bin/server;C:/Program Files/Java/jre1.8.0_201/bin;C:/Program Files/Java/jre1.8.0_201/lib/amd64;C:\Program Files (x86)\Common Files\Oracle\Java\javapath;C:\windows\system32;C:\windows;C:\windows\System32\Wbem;C:\windows\System32\WindowsPowerShell\v1.0\;C:\windows\System32\OpenSSH\;C:\Program Files\nodejs\;C:\Program Files\Git\cmd;C:\Program Files\Java\jdk1.8.0_201;C:\Data\software\apache-maven-3.6.0\bin;C:\Users\ramjeet.mahto\AppData\Local\Microsoft\WindowsApps;;C:\Users\ramjeet.mahto\Downloads\spring-tool-suite-4-4.1.2.RELEASE-e4.10.0-win32.win32.x86_64\sts-4.1.2.RELEASE;;.]
2019-03-27 15:16:45.058  INFO 6156 --- [main] o.a.c.c.C.[Tomcat].[localhost].[/]       : Initializing Spring embedded WebApplicationContext
2019-03-27 15:16:45.058 DEBUG 6156 --- [main] o.s.web.context.ContextLoader            : Published root WebApplicationContext as ServletContext attribute with name [org.springframework.web.context.WebApplicationContext.ROOT]
2019-03-27 15:16:45.058  INFO 6156 --- [main] o.s.web.context.ContextLoader            : Root WebApplicationContext: initialization completed in 1171 ms
2019-03-27 15:16:45.210 DEBUG 6156 --- [main] o.s.w.s.handler.SimpleUrlHandlerMapping  : Patterns [/**/favicon.ico] in 'faviconHandlerMapping'
2019-03-27 15:16:45.339  INFO 6156 --- [main] o.s.s.concurrent.ThreadPoolTaskExecutor  : Initializing ExecutorService 'applicationTaskExecutor'
2019-03-27 15:16:45.350 DEBUG 6156 --- [main] s.w.s.m.m.a.RequestMappingHandlerAdapter : ControllerAdvice beans: 0 @ModelAttribute, 0 @InitBinder, 1 RequestBodyAdvice, 1 ResponseBodyAdvice
2019-03-27 15:16:45.424 DEBUG 6156 --- [main] s.w.s.m.m.a.RequestMappingHandlerMapping : 6 mappings in 'requestMappingHandlerMapping'
2019-03-27 15:16:45.437 DEBUG 6156 --- [main] o.s.w.s.handler.SimpleUrlHandlerMapping  : Patterns [/webjars/**, /**] in 'resourceHandlerMapping'
2019-03-27 15:16:45.447 DEBUG 6156 --- [main] .m.m.a.ExceptionHandlerExceptionResolver : ControllerAdvice beans: 0 @ExceptionHandler, 1 ResponseBodyAdvice
2019-03-27 15:16:45.532  INFO 6156 --- [main] o.s.b.w.embedded.tomcat.TomcatWebServer  : Tomcat started on port(s): 9090 (http) with context path ''
2019-03-27 15:16:45.539  INFO 6156 --- [main] c.e.l.HelloSpringbootApplication         : Started HelloSpringbootApplication in 2.349 seconds (JVM running for 3.174)
2019-03-27 15:22:35.171  INFO 6156 --- [RMI TCP Connection(20)-127.0.0.1] inMXBeanRegistrar$SpringApplicationAdmin : Application shutdown requested.
2019-03-27 15:22:35.174  INFO 6156 --- [RMI TCP Connection(20)-127.0.0.1] o.s.s.concurrent.ThreadPoolTaskExecutor  : Shutting down ExecutorService 'applicationTaskExecutor'
2019-03-27 15:22:44,896 INFO  [main] com.example.logbacklogging.HelloSpringbootApplication : Starting HelloSpringbootApplication on BDC7-D-FM44RG2 with PID 33940 (C:\sprinboot\hello-springboot\target\classes started by ramjeet.mahto in C:\sprinboot\hello-springboot)
2019-03-27 15:22:44,904 INFO  [main] com.example.logbacklogging.HelloSpringbootApplication : No active profile set, falling back to default profiles: default
2019-03-27 15:22:45,939 INFO  [main] org.springframework.boot.web.embedded.tomcat.TomcatWebServer : Tomcat initialized with port(s): 9090 (http)
2019-03-27 15:22:45,961 INFO  [main] org.apache.catalina.core.StandardService : Starting service [Tomcat]
2019-03-27 15:22:45,962 INFO  [main] org.apache.catalina.core.StandardEngine : Starting Servlet engine: [Apache Tomcat/9.0.16]
2019-03-27 15:22:45,969 INFO  [main] org.apache.catalina.core.AprLifecycleListener : The APR based Apache Tomcat Native library which allows optimal performance in production environments was not found on the java.library.path: [C:\Program Files\Java\jre1.8.0_201\bin;C:\windows\Sun\Java\bin;C:\windows\system32;C:\windows;C:/Program Files/Java/jre1.8.0_201/bin/server;C:/Program Files/Java/jre1.8.0_201/bin;C:/Program Files/Java/jre1.8.0_201/lib/amd64;C:\Program Files (x86)\Common Files\Oracle\Java\javapath;C:\windows\system32;C:\windows;C:\windows\System32\Wbem;C:\windows\System32\WindowsPowerShell\v1.0\;C:\windows\System32\OpenSSH\;C:\Program Files\nodejs\;C:\Program Files\Git\cmd;C:\Program Files\Java\jdk1.8.0_201;C:\Data\software\apache-maven-3.6.0\bin;C:\Users\ramjeet.mahto\AppData\Local\Microsoft\WindowsApps;;C:\Users\ramjeet.mahto\Downloads\spring-tool-suite-4-4.1.2.RELEASE-e4.10.0-win32.win32.x86_64\sts-4.1.2.RELEASE;;.]
2019-03-27 15:22:46,105 INFO  [main] org.apache.catalina.core.ContainerBase.[Tomcat].[localhost].[/] : Initializing Spring embedded WebApplicationContext
2019-03-27 15:22:46,105 DEBUG [main] org.springframework.web.context.ContextLoader : Published root WebApplicationContext as ServletContext attribute with name [org.springframework.web.context.WebApplicationContext.ROOT]
2019-03-27 15:22:46,106 INFO  [main] org.springframework.web.context.ContextLoader : Root WebApplicationContext: initialization completed in 1129 ms
2019-03-27 15:22:46,232 DEBUG [main] org.springframework.web.servlet.handler.SimpleUrlHandlerMapping : Patterns [/**/favicon.ico] in 'faviconHandlerMapping'
2019-03-27 15:22:46,351 INFO  [main] org.springframework.scheduling.concurrent.ThreadPoolTaskExecutor : Initializing ExecutorService 'applicationTaskExecutor'
2019-03-27 15:22:46,362 DEBUG [main] org.springframework.web.servlet.mvc.method.annotation.RequestMappingHandlerAdapter : ControllerAdvice beans: 0 @ModelAttribute, 0 @InitBinder, 1 RequestBodyAdvice, 1 ResponseBodyAdvice
2019-03-27 15:22:46,417 DEBUG [main] org.springframework.web.servlet.mvc.method.annotation.RequestMappingHandlerMapping : 6 mappings in 'requestMappingHandlerMapping'
2019-03-27 15:22:46,429 DEBUG [main] org.springframework.web.servlet.handler.SimpleUrlHandlerMapping : Patterns [/webjars/**, /**] in 'resourceHandlerMapping'
2019-03-27 15:22:46,436 DEBUG [main] org.springframework.web.servlet.mvc.method.annotation.ExceptionHandlerExceptionResolver : ControllerAdvice beans: 0 @ExceptionHandler, 1 ResponseBodyAdvice
2019-03-27 15:22:46,524 INFO  [main] org.springframework.boot.web.embedded.tomcat.TomcatWebServer : Tomcat started on port(s): 9090 (http) with context path ''
2019-03-27 15:22:46,533 INFO  [main] com.example.logbacklogging.HelloSpringbootApplication : Started HelloSpringbootApplication in 2.211 seconds (JVM running for 3.047)
2019-03-27 17:29:27,708 INFO  [RMI TCP Connection(205)-127.0.0.1] org.springframework.boot.admin.SpringApplicationAdminMXBeanRegistrar$SpringApplicationAdmin : Application shutdown requested.
2019-03-27 17:29:27,726 INFO  [RMI TCP Connection(205)-127.0.0.1] org.springframework.scheduling.concurrent.ThreadPoolTaskExecutor : Shutting down ExecutorService 'applicationTaskExecutor'
